{"level":"error","message":"Correo inválido"}
{"level":"error","message":"Los campos nombre, correo electrónico, password, y permisos son obligatorios"}
{"level":"error","message":"Correo inválido"}
{"level":"error","message":"Los campos nombre, correo electrónico, password, y permisos son obligatorios"}
{"level":"error","message":"Los campos nombre, correo electrónico, password, y permisos son obligatorios"}
{"level":"error","message":"Correo inválido"}
{"level":"error","message":"No se encontró el administrador"}
{"level":"error","message":"No se pudo acceder a la ruta especificada"}
{"level":"error","message":"Los campos id, nombre, correoElectronico, password, rol y permisos son oligatorios"}
{"level":"error","message":"Error al actualizar el administrador"}
{"level":"error","message":"Error al eliminar el administrador"}
{"level":"error","message":"Los campos idPelicula, asiento, horario y estado son obligatorios"}
{"level":"error","message":"Error al crear el boleto"}
{"level":"error","message":"Los campos idPelicula, idBoleto, asiento, horario y estado son obligatorios"}
{"level":"error","message":"Unexpected token } in JSON at position 54"}
{"level":"error","message":"Los campos idUsuario y boletos son obligatorios"}
{"level":"error","message":"No se logró econtrar el carrito"}
{"level":"error","message":"No se pudieron encontrar los boletos del carrito"}
{"level":"error","message":"No se pudieron encontrar los boletos del carrito"}
{"level":"error","message":"No se pudieron encontrar los boletos del carrito"}
{"level":"error","message":"No se pudieron encontrar los boletos del carrito"}
{"level":"error","message":"No se pudieron encontrar los boletos del carrito"}
{"level":"error","message":"No se pudieron encontrar los boletos del carrito"}
{"level":"error","message":"No se pudieron encontrar los boletos del carrito"}
{"level":"error","message":"No se pudieron encontrar los boletos del carrito"}
{"level":"error","message":"No se logró econtrar el carrito"}
{"level":"error","message":"No se pudieron encontrar los boletos del carrito"}
